	Token: PALABRA_RESERVADA               Lexema: class                                                                                       Linea: 5  Columna: 1          Indice: 56          
	Token: IDENTIFICADOR                   Lexema: Animal                                                                                      Linea: 5  Columna: 7          Indice: 62          
	Token: DELIMITADOR                     Lexema: {                                                                                           Linea: 5  Columna: 14         Indice: 69          
	Token: PALABRA_RESERVADA               Lexema: int                                                                                         Linea: 6  Columna: 3          Indice: 74          
	Token: IDENTIFICADOR                   Lexema: height                                                                                      Linea: 6  Columna: 7          Indice: 78          
	Token: DELIMITADOR                     Lexema: ;                                                                                           Linea: 6  Columna: 13         Indice: 84          
	Token: PALABRA_RESERVADA               Lexema: double                                                                                      Linea: 7  Columna: 3          Indice: 102         
	Token: IDENTIFICADOR                   Lexema: weight                                                                                      Linea: 7  Columna: 10         Indice: 109         
	Token: DELIMITADOR                     Lexema: ;                                                                                           Linea: 7  Columna: 16         Indice: 115         
	Token: PALABRA_RESERVADA               Lexema: void                                                                                        Linea: 8  Columna: 4          Indice: 121         
	Token: IDENTIFICADOR                   Lexema: Eat                                                                                         Linea: 8  Columna: 9          Indice: 126         
	Token: DELIMITADOR_VACIO               Lexema: ()                                                                                          Linea: 8  Columna: 12         Indice: 129         
	Token: DELIMITADOR                     Lexema: {                                                                                           Linea: 8  Columna: 15         Indice: 132         
	Token: IDENTIFICADOR                   Lexema: weight                                                                                      Linea: 8  Columna: 17         Indice: 134         
	Token: OPERADOR                        Lexema: =                                                                                           Linea: 8  Columna: 24         Indice: 141         
	Token: IDENTIFICADOR                   Lexema: weight                                                                                      Linea: 8  Columna: 26         Indice: 143         
	Token: OPERADOR                        Lexema: *                                                                                           Linea: 8  Columna: 33         Indice: 150         
	Token: CONSTANTE_DOUBLE                Lexema: 2.0                                                                                         Linea: 8  Columna: 35         Indice: 152         
	Token: DELIMITADOR                     Lexema: ;                                                                                           Linea: 8  Columna: 38         Indice: 155         
	Token: DELIMITADOR                     Lexema: }                                                                                           Linea: 8  Columna: 39         Indice: 156         
	Token: DELIMITADOR                     Lexema: }                                                                                           Linea: 9  Columna: 1          Indice: 159         
	Token: PALABRA_RESERVADA               Lexema: class                                                                                       Linea: 11 Columna: 1          Indice: 164         
	Token: IDENTIFICADOR                   Lexema: Cat                                                                                         Linea: 11 Columna: 7          Indice: 170         
	Token: PALABRA_RESERVADA               Lexema: extends                                                                                     Linea: 11 Columna: 11         Indice: 174         
	Token: IDENTIFICADOR                   Lexema: Animal                                                                                      Linea: 11 Columna: 19         Indice: 182         
	Token: DELIMITADOR                     Lexema: {                                                                                           Linea: 11 Columna: 26         Indice: 189         
	Token: PALABRA_RESERVADA               Lexema: string                                                                                      Linea: 12 Columna: 3          Indice: 194         
	Token: IDENTIFICADOR                   Lexema: name                                                                                        Linea: 12 Columna: 10         Indice: 201         
	Token: DELIMITADOR                     Lexema: ;                                                                                           Linea: 12 Columna: 14         Indice: 205         
	Token: PALABRA_RESERVADA               Lexema: void                                                                                        Linea: 13 Columna: 3          Indice: 210         
	Token: IDENTIFICADOR                   Lexema: Meow                                                                                        Linea: 13 Columna: 8          Indice: 215         
	Token: DELIMITADOR_VACIO               Lexema: ()                                                                                          Linea: 13 Columna: 12         Indice: 219         
	Token: DELIMITADOR                     Lexema: {                                                                                           Linea: 13 Columna: 15         Indice: 222         
	Token: DELIMITADOR                     Lexema: }                                                                                           Linea: 14 Columna: 1          Indice: 245         
	Token: PALABRA_RESERVADA               Lexema: int                                                                                         Linea: 16 Columna: 1          Indice: 250         
	Token: IDENTIFICADOR                   Lexema: $$$$$$34$$$$                                                                                Linea: 16 Columna: 5          Indice: 254         
	Token: ERROR                           Lexema: ?                                                                                           Linea: 16 Columna: 17         Indice: 266         
	Token: DELIMITADOR                     Lexema: ;                                                                                           Linea: 16 Columna: 18         Indice: 267         
	Token: PALABRA_RESERVADA               Lexema: void                                                                                        Linea: 18 Columna: 1          Indice: 296         
	Token: IDENTIFICADOR                   Lexema: main                                                                                        Linea: 18 Columna: 6          Indice: 301         
	Token: DELIMITADOR_VACIO               Lexema: ()                                                                                          Linea: 18 Columna: 10         Indice: 305         
	Token: DELIMITADOR                     Lexema: {                                                                                           Linea: 18 Columna: 13         Indice: 308         
	Token: PALABRA_RESERVADA               Lexema: int                                                                                         Linea: 19 Columna: 4          Indice: 314         
	Token: IDENTIFICADOR                   Lexema: b                                                                                           Linea: 19 Columna: 8          Indice: 318         
	Token: DELIMITADOR                     Lexema: ;                                                                                           Linea: 19 Columna: 9          Indice: 319         
	Token: PALABRA_RESERVADA               Lexema: int                                                                                         Linea: 20 Columna: 4          Indice: 325         
	Token: IDENTIFICADOR                   Lexema: a                                                                                           Linea: 20 Columna: 8          Indice: 329         
	Token: DELIMITADOR                     Lexema: ;                                                                                           Linea: 20 Columna: 9          Indice: 330         
	Token: PALABRA_RESERVADA               Lexema: int                                                                                         Linea: 21 Columna: 4          Indice: 336         
	Token: IDENTIFICADOR                   Lexema: d                                                                                           Linea: 21 Columna: 8          Indice: 340         
	Token: DELIMITADOR                     Lexema: ;                                                                                           Linea: 21 Columna: 9          Indice: 341         
	Token: OPERADOR                        Lexema: *                                                                                           Linea: 22 Columna: 3          Indice: 346         
	Token: OPERADOR                        Lexema: /                                                                                           Linea: 22 Columna: 4          Indice: 347         
	Token: IDENTIFICADOR                   Lexema: d                                                                                           Linea: 23 Columna: 4          Indice: 408         
	Token: OPERADOR                        Lexema: =                                                                                           Linea: 23 Columna: 6          Indice: 410         
	Token: IDENTIFICADOR                   Lexema: a                                                                                           Linea: 23 Columna: 8          Indice: 412         
	Token: OPERADOR                        Lexema: +                                                                                           Linea: 23 Columna: 9          Indice: 413         
	Token: IDENTIFICADOR                   Lexema: b                                                                                           Linea: 23 Columna: 10         Indice: 414         
	Token: DELIMITADOR                     Lexema: ;                                                                                           Linea: 23 Columna: 11         Indice: 415         
	Token: DELIMITADOR                     Lexema: }                                                                                           Linea: 26 Columna: 1          Indice: 422         
	Token: PALABRA_RESERVADA               Lexema: void                                                                                        Linea: 29 Columna: 1          Indice: 465         
	Token: IDENTIFICADOR                   Lexema: main                                                                                        Linea: 29 Columna: 6          Indice: 470         
	Token: DELIMITADOR_VACIO               Lexema: ()                                                                                          Linea: 29 Columna: 10         Indice: 474         
	Token: DELIMITADOR                     Lexema: {                                                                                           Linea: 29 Columna: 13         Indice: 477         
	Token: PALABRA_RESERVADA               Lexema: class                                                                                       Linea: 30 Columna: 3          Indice: 482         
	Token: IDENTIFICADOR                   Lexema: Cat                                                                                         Linea: 30 Columna: 9          Indice: 488         
	Token: IDENTIFICADOR                   Lexema: kitty                                                                                       Linea: 30 Columna: 13         Indice: 492         
	Token: DELIMITADOR                     Lexema: ;                                                                                           Linea: 30 Columna: 18         Indice: 497         
	Token: IDENTIFICADOR                   Lexema: variable                                                                                    Linea: 31 Columna: 3          Indice: 502         
	Token: OPERADOR                        Lexema: =                                                                                           Linea: 31 Columna: 11         Indice: 510         
	Token: ERROR - LARGO DE CADENA         Lexema: "No, kitty! Go,  // ERROR-3 str                                                             Linea: 31 Columna: 12         Indice: 511         
	Token: ERROR                           Lexema: !                                                                                           Linea: 32 Columna: 24         Indice: 585         
	Token: IDENTIFICADOR                   Lexema: Go                                                                                          Linea: 32 Columna: 26         Indice: 587         
	Token: DELIMITADOR                     Lexema: ,                                                                                           Linea: 32 Columna: 28         Indice: 589         
	Token: IDENTIFICADOR                   Lexema: Kitty                                                                                       Linea: 32 Columna: 30         Indice: 591         
	Token: ERROR                           Lexema: !                                                                                           Linea: 32 Columna: 35         Indice: 596         
	Token: IDENTIFICADOR                   Lexema: kitty                                                                                       Linea: 33 Columna: 3          Indice: 641         
	Token: OPERADOR                        Lexema: =                                                                                           Linea: 33 Columna: 9          Indice: 647         
	Token: PALABRA_RESERVADA               Lexema: New                                                                                         Linea: 33 Columna: 11         Indice: 649         
	Token: DELIMITADOR                     Lexema: (                                                                                           Linea: 33 Columna: 14         Indice: 652         
	Token: IDENTIFICADOR                   Lexema: Cat                                                                                         Linea: 33 Columna: 15         Indice: 653         
	Token: DELIMITADOR                     Lexema: )                                                                                           Linea: 33 Columna: 18         Indice: 656         
	Token: DELIMITADOR                     Lexema: ;                                                                                           Linea: 33 Columna: 19         Indice: 657         
	Token: IDENTIFICADOR                   Lexema: kitty                                                                                       Linea: 34 Columna: 3          Indice: 662         
	Token: DELIMITADOR                     Lexema: .                                                                                           Linea: 34 Columna: 8          Indice: 667         
	Token: IDENTIFICADOR                   Lexema: height                                                                                      Linea: 34 Columna: 9          Indice: 668         
	Token: OPERADOR                        Lexema: =                                                                                           Linea: 34 Columna: 16         Indice: 675         
	Token: CONSTANTE_DOUBLE                Lexema: 000003.000003                                                                               Linea: 34 Columna: 18         Indice: 677         
	Token: DELIMITADOR                     Lexema: ;                                                                                           Linea: 34 Columna: 31         Indice: 690         
	Token: IDENTIFICADOR                   Lexema: kitty                                                                                       Linea: 35 Columna: 3          Indice: 707         
	Token: DELIMITADOR                     Lexema: .                                                                                           Linea: 35 Columna: 8          Indice: 712         
	Token: IDENTIFICADOR                   Lexema: weight                                                                                      Linea: 35 Columna: 9          Indice: 713         
	Token: OPERADOR                        Lexema: =                                                                                           Linea: 35 Columna: 16         Indice: 720         
	Token: CONSTANTE_DOUBLE                Lexema: 1.12E-000002                                                                                Linea: 35 Columna: 18         Indice: 722         
	Token: IDENTIFICADOR                   Lexema: besty                                                                                       Linea: 36 Columna: 3          Indice: 756         
	Token: DELIMITADOR                     Lexema: .                                                                                           Linea: 36 Columna: 8          Indice: 761         
	Token: IDENTIFICADOR                   Lexema: name                                                                                        Linea: 36 Columna: 9          Indice: 762         
	Token: OPERADOR                        Lexema: =                                                                                           Linea: 36 Columna: 14         Indice: 767         
	Token: CADENA                          Lexema: "Kitty"                                                                                     Linea: 36 Columna: 16         Indice: 769         
	Token: DELIMITADOR                     Lexema: ;                                                                                           Linea: 36 Columna: 23         Indice: 776         
	Token: IDENTIFICADOR                   Lexema: kitty                                                                                       Linea: 37 Columna: 3          Indice: 781         
	Token: DELIMITADOR                     Lexema: .                                                                                           Linea: 37 Columna: 8          Indice: 786         
	Token: IDENTIFICADOR                   Lexema: Meow                                                                                        Linea: 37 Columna: 9          Indice: 787         
	Token: DELIMITADOR_VACIO               Lexema: ()                                                                                          Linea: 37 Columna: 13         Indice: 791         
	Token: DELIMITADOR                     Lexema: ;                                                                                           Linea: 37 Columna: 15         Indice: 793         
	Token: IDENTIFICADOR                   Lexema: Go                                                                                          Linea: 37 Columna: 17         Indice: 795         
	Token: DELIMITADOR                     Lexema: ,                                                                                           Linea: 37 Columna: 19         Indice: 797         
	Token: IDENTIFICADOR                   Lexema: Kitty                                                                                       Linea: 37 Columna: 21         Indice: 799         
	Token: ERROR                           Lexema: !                                                                                           Linea: 37 Columna: 26         Indice: 804         
	Token: DELIMITADOR                     Lexema: }                                                                                           Linea: 38 Columna: 1          Indice: 807         
	Token: IDENTIFICADOR                   Lexema: ERROR                                                                                       Linea: 40 Columna: 1          Indice: 812         
	Token: OPERADOR                        Lexema: -                                                                                           Linea: 40 Columna: 7          Indice: 818         
	Token: CONSTANTE_ENTERA_DECIMAL        Lexema: 5                                                                                           Linea: 40 Columna: 8          Indice: 819         
	Token: IDENTIFICADOR                   Lexema: EOF                                                                                         Linea: 40 Columna: 10         Indice: 821         
	Token: IDENTIFICADOR                   Lexema: in                                                                                          Linea: 40 Columna: 14         Indice: 825         
	Token: IDENTIFICADOR                   Lexema: multiline                                                                                   Linea: 40 Columna: 17         Indice: 828         
	Token: IDENTIFICADOR                   Lexema: comment                                                                                     Linea: 40 Columna: 27         Indice: 838         
	Token: ERROR                           Lexema: !                                                                                           Linea: 40 Columna: 34         Indice: 845         
	Token: IDENTIFICADOR                   Lexema: should                                                                                      Linea: 40 Columna: 36         Indice: 847         
	Token: IDENTIFICADOR                   Lexema: NOT                                                                                         Linea: 40 Columna: 43         Indice: 854         
	Token: IDENTIFICADOR                   Lexema: scan                                                                                        Linea: 40 Columna: 47         Indice: 858         
	Token: PALABRA_RESERVADA               Lexema: this                                                                                        Linea: 40 Columna: 52         Indice: 863         
	Token: IDENTIFICADOR                   Lexema: line                                                                                        Linea: 40 Columna: 57         Indice: 868         
	Token: ERROR                           Lexema: !                                                                                           Linea: 40 Columna: 61         Indice: 872         

