IDENTIFICADOR	public	1	1	0	
PALABRA_RESERVADA	class	1	8	7	
IDENTIFICADOR	HolaMundo	1	14	13	
DELIMITADOR	{	1	24	23	
CONSTANTE_BOOLEANA	false	1	25	24	
COMENTARIO1	//Esta solo es prueba	2	1	31	
IDENTIFICADOR	public	3	2	55	
IDENTIFICADOR	staticvoid	3	9	62	
IDENTIFICADOR	main	3	20	73	
DELIMITADOR	(	3	24	77	
IDENTIFICADOR	String	3	25	78	
DELIMITADOR	[	3	31	84	
DELIMITADOR	]	3	32	85	
IDENTIFICADOR	args	3	34	87	
DELIMITADOR	)	3	38	91	
DELIMITADOR	{	3	40	93	
PALABRA_RESERVADA	System	4	3	100	
ERROR	.	4	9	106	
PALABRA_RESERVADA	out	4	10	107	
ERROR	.	4	13	110	
PALABRA_RESERVADA	println	4	14	111	
DELIMITADOR	(	4	21	118	
CADENA	"Hola Mundo"	4	22	119	
DELIMITADOR	)	4	34	131	
DELIMITADOR	;	4	35	132	
DELIMITADOR	}	5	2	136	
COMENTARIO2	/*
if IF If iF
//hola mundo 
hola mundodo 8das
}*/	5	3	137	
IDENTIFICADOR	holathis	9	5	192	
IDENTIFICADOR	mundo	9	14	201	
CONSTANTE_BOOLEANA	true	9	20	207	
ERROR	8	9	25	212	
PALABRA_RESERVADA	void	9	26	213	
ERROR	.	9	31	218	
CONSTANTE_ENTERA_DECIMAL	12	9	32	219	
IDENTIFICADOR	jodfalse	10	1	223	
IDENTIFICADOR	truejald	10	10	232	
OPERADOR	*	10	19	241	
CONSTANTE_ENTERA_DECIMAL	009089989	10	21	243	
ERROR	09dasd	10	31	253	
IDENTIFICADOR	ad0	10	38	260	
IDENTIFICADOR	hola	10	42	264	
CONSTANTE_DOUBLE	23.24e0000032	10	47	269	
PALABRA_RESERVADA	if	11	1	284	
DELIMITADOR	(	11	4	287	
CONSTANTE_DOUBLE	23. 	11	6	289	
DELIMITADOR	)	11	10	293	
PALABRA_RESERVADA	this	11	12	295	
PALABRA_RESERVADA	if	11	17	300	
DELIMITADOR	(	11	19	302	
ERROR	23	11	20	303	
PALABRA_RESERVADA	this	11	22	305	
IDENTIFICADOR	dafa0xDJKS	11	27	310	
ERROR	0Xkll	11	38	321	
ERROR	0X23di	11	44	327	
CONSTANTE_ENTERA_HEXADECIMAL	0x23fE	11	51	334	
PALABRA_RESERVADA	void	11	58	341	

