	Token: IDENTIFICADOR                   Lexema: numeros                                                                                     Linea: 15 Columna: 5          Indice: 234         
	Token: OPERADOR_IGUAL                  Lexema: =                                                                                           Linea: 15 Columna: 13         Indice: 242         
	Token: PALABRA_RESERVADA_NEW           Lexema: New                                                                                         Linea: 15 Columna: 15         Indice: 244         
	Token: PARENTESIS_ABRE                 Lexema: (                                                                                           Linea: 15 Columna: 18         Indice: 247         
	Token: PALABRA_RESERVADA_INT           Lexema: int                                                                                         Linea: 15 Columna: 19         Indice: 248         
	Token: PARENTESIS_CIERRA               Lexema: )                                                                                           Linea: 15 Columna: 22         Indice: 251         
	Token: DELIMITADOR_PUNTO_COMA          Lexema: ;                                                                                           Linea: 15 Columna: 23         Indice: 252         
	Token: IDENTIFICADOR                   Lexema: aux                                                                                         Linea: 16 Columna: 5          Indice: 259         
	Token: OPERADOR_IGUAL                  Lexema: =                                                                                           Linea: 16 Columna: 9          Indice: 263         
	Token: PALABRA_RESERVADA_NEW           Lexema: New                                                                                         Linea: 16 Columna: 11         Indice: 265         
	Token: PARENTESIS_ABRE                 Lexema: (                                                                                           Linea: 16 Columna: 14         Indice: 268         
	Token: PALABRA_RESERVADA_INT           Lexema: int                                                                                         Linea: 16 Columna: 15         Indice: 269         
	Token: PARENTESIS_CIERRA               Lexema: )                                                                                           Linea: 16 Columna: 18         Indice: 272         
	Token: DELIMITADOR_PUNTO_COMA          Lexema: ;                                                                                           Linea: 16 Columna: 19         Indice: 273         
	Token: IDENTIFICADOR                   Lexema: numeros                                                                                     Linea: 20 Columna: 5          Indice: 337         
	Token: OPERADOR_IGUAL                  Lexema: =                                                                                           Linea: 20 Columna: 13         Indice: 345         
	Token: IDENTIFICADOR                   Lexema: funcionNueva                                                                                Linea: 20 Columna: 15         Indice: 347         
	Token: PARENTESIS_ABRE                 Lexema: (                                                                                           Linea: 20 Columna: 27         Indice: 359         
	Token: CONSTANTE_ENTERA_DECIMAL        Lexema: 1                                                                                           Linea: 20 Columna: 28         Indice: 360         
	Token: DELIMITADOR_COMA                Lexema: ,                                                                                           Linea: 20 Columna: 29         Indice: 361         
	Token: IDENTIFICADOR                   Lexema: numeros                                                                                     Linea: 20 Columna: 31         Indice: 363         
	Token: PARENTESIS_CIERRA               Lexema: )                                                                                           Linea: 20 Columna: 38         Indice: 370         
	Token: DELIMITADOR_PUNTO_COMA          Lexema: ;                                                                                           Linea: 20 Columna: 39         Indice: 371         
	Token: PALABRA_RESERVADA_FOR           Lexema: for                                                                                         Linea: 24 Columna: 5          Indice: 439         
	Token: PARENTESIS_ABRE                 Lexema: (                                                                                           Linea: 24 Columna: 8          Indice: 442         
	Token: IDENTIFICADOR                   Lexema: i                                                                                           Linea: 24 Columna: 10         Indice: 444         
	Token: OPERADOR_IGUAL                  Lexema: =                                                                                           Linea: 24 Columna: 11         Indice: 445         
	Token: CONSTANTE_ENTERA_DECIMAL        Lexema: 0                                                                                           Linea: 24 Columna: 12         Indice: 446         
	Token: DELIMITADOR_PUNTO_COMA          Lexema: ;                                                                                           Linea: 24 Columna: 13         Indice: 447         
	Token: IDENTIFICADOR                   Lexema: i                                                                                           Linea: 24 Columna: 15         Indice: 449         
	Token: COMPARADOR_MENOR                Lexema: <                                                                                           Linea: 24 Columna: 16         Indice: 450         
	Token: CONSTANTE_ENTERA_DECIMAL        Lexema: 10                                                                                          Linea: 24 Columna: 17         Indice: 451         
	Token: IDENTIFICADOR                   Lexema: i                                                                                           Linea: 24 Columna: 20         Indice: 454         
	Token: OPERADOR_MAS                    Lexema: +                                                                                           Linea: 24 Columna: 21         Indice: 455         
	Token: CONSTANTE_ENTERA_DECIMAL        Lexema: 1                                                                                           Linea: 24 Columna: 22         Indice: 456         
	Token: PARENTESIS_CIERRA               Lexema: )                                                                                           Linea: 24 Columna: 23         Indice: 457         
	Token: IDENTIFICADOR                   Lexema: aux                                                                                         Linea: 25 Columna: 9          Indice: 468         
	Token: CORCHETE_ABRE                   Lexema: [                                                                                           Linea: 25 Columna: 12         Indice: 471         
	Token: IDENTIFICADOR                   Lexema: i                                                                                           Linea: 25 Columna: 13         Indice: 472         
	Token: CORCHETE_CIERRA                 Lexema: ]                                                                                           Linea: 25 Columna: 14         Indice: 473         
	Token: OPERADOR_IGUAL                  Lexema: =                                                                                           Linea: 25 Columna: 16         Indice: 475         
	Token: IDENTIFICADOR                   Lexema: aux                                                                                         Linea: 25 Columna: 18         Indice: 477         
	Token: CORCHETE_ABRE                   Lexema: [                                                                                           Linea: 25 Columna: 21         Indice: 480         
	Token: IDENTIFICADOR                   Lexema: i                                                                                           Linea: 25 Columna: 22         Indice: 481         
	Token: CORCHETE_CIERRA                 Lexema: ]                                                                                           Linea: 25 Columna: 23         Indice: 482         
	Token: DELIMITADOR_PUNTO               Lexema: .                                                                                           Linea: 25 Columna: 24         Indice: 483         
	Token: IDENTIFICADOR                   Lexema: value                                                                                       Linea: 25 Columna: 25         Indice: 484         
	Token: OPERADOR_MAS                    Lexema: +                                                                                           Linea: 25 Columna: 31         Indice: 490         
	Token: CONSTANTE_ENTERA_DECIMAL        Lexema: 5                                                                                           Linea: 25 Columna: 33         Indice: 492         
	Token: DELIMITADOR_PUNTO_COMA          Lexema: ;                                                                                           Linea: 25 Columna: 34         Indice: 493         
	Token: PALABRA_RESERVADA_RETURN        Lexema: return                                                                                      Linea: 26 Columna: 5          Indice: 500         
	Token: IDENTIFICADOR                   Lexema: aux                                                                                         Linea: 26 Columna: 12         Indice: 507         
	Token: DELIMITADOR_PUNTO_COMA          Lexema: ;                                                                                           Linea: 26 Columna: 15         Indice: 510         

