PALABRA_RESERVADA	int	1	1	0	
IDENTIFICADOR	a	1	5	4	
DELIMITADOR	;	1	6	5	
PALABRA_RESERVADA	void	3	1	8	
IDENTIFICADOR	main	3	6	13	
DELIMITADOR	(	3	10	17	
DELIMITADOR	)	3	11	18	
DELIMITADOR	{	3	13	20	
PALABRA_RESERVADA	int	4	4	25	
IDENTIFICADOR	b	4	8	29	
DELIMITADOR	;	4	9	30	
PALABRA_RESERVADA	int	5	4	35	
IDENTIFICADOR	a	5	8	39	
DELIMITADOR	;	5	9	40	
PALABRA_RESERVADA	int	6	4	45	
IDENTIFICADOR	d	6	8	49	
DELIMITADOR	;	6	9	50	
IDENTIFICADOR	d	8	4	56	
OPERADOR	=	8	6	58	
CONSTANTE_ENTERA_DECIMAL	2	8	8	60	
OPERADOR	+	8	10	62	
CONSTANTE_ENTERA_DECIMAL	3	8	12	64	
OPERADOR	*	8	14	66	
CONSTANTE_ENTERA_DECIMAL	4	8	16	68	
OPERADOR	-	8	18	70	
CONSTANTE_ENTERA_DECIMAL	6	8	20	72	
DELIMITADOR	;	8	21	73	
IDENTIFICADOR	b	9	4	78	
OPERADOR	=	9	6	80	
CONSTANTE_ENTERA_DECIMAL	3	9	8	82	
DELIMITADOR	;	9	9	83	
IDENTIFICADOR	a	10	4	88	
OPERADOR	=	10	6	90	
IDENTIFICADOR	b	10	8	92	
OPERADOR	+	10	10	94	
CONSTANTE_ENTERA_DECIMAL	2	10	12	96	
DELIMITADOR	;	10	13	97	
DELIMITADOR	}	11	1	99	

