ERROR	#	1	1	0	
IDENTIFICADOR	define	1	2	1	
IDENTIFICADOR	PROCEDURE	1	9	8	
PALABRA_RESERVADA	void	1	19	18	
ERROR	#	3	1	25	
IDENTIFICADOR	define	3	2	26	
IDENTIFICADOR	BEGIN	3	9	33	
DELIMITADOR	{	3	15	39	
ERROR	#	4	1	41	
IDENTIFICADOR	define	4	2	42	
IDENTIFICADOR	END	4	9	49	
DELIMITADOR	}	4	13	53	
ERROR	#	6	1	57	
IDENTIFICADOR	define	6	2	58	
IDENTIFICADOR	BINKY	6	9	65	
CONSTANTE_ENTERA_DECIMAL	2	6	15	71	
OPERADOR	+	6	17	73	
CONSTANTE_ENTERA_DECIMAL	2	6	19	75	
OPERADOR	*	6	21	77	
CONSTANTE_ENTERA_DECIMAL	10	6	23	79	
ERROR	#	9	1	85	
IDENTIFICADOR	PROCEDURE	9	2	86	
IDENTIFICADOR	main	9	12	96	
DELIMITADOR	(	9	16	100	
DELIMITADOR	)	9	17	101	
ERROR	#	11	1	107	
IDENTIFICADOR	BEGIN	11	2	108	
IDENTIFICADOR	Print	12	5	118	
DELIMITADOR	(	12	10	123	
ERROR	#	12	11	124	
IDENTIFICADOR	BINKY	12	12	125	
DELIMITADOR	)	12	17	130	
DELIMITADOR	;	12	18	131	
ERROR	#	14	1	137	
IDENTIFICADOR	END	14	2	138	

