COMENTARIO1	// this file should not generate any output except for the end	1	1	0	
COMENTARIO1	// here is a comment	2	1	63	
COMENTARIO2	/* here is a simple comment */	3	1	84	
COMENTARIO2	/* here 
is 
a 
multi-line
comment
*/	4	1	115	
COMENTARIO2	/* here are some nasty comments: */	11	1	154	
COMENTARIO2	/* ///// /// */	12	1	190	
COMENTARIO2	/*******/	13	1	206	
COMENTARIO2	/*    /* an almost-nested comment */	15	1	217	
CADENA	"all done!"	16	1	254	
COMENTARIO1	// A pretty string	16	13	266	
OPERADOR	/	17	1	285	
OPERADOR	*	17	2	286	
IDENTIFICADOR	unfinished	17	4	288	
IDENTIFICADOR	comment	17	15	299	
IDENTIFICADOR	ERROR	17	23	307	
COMPARADOR	!	17	28	312	
COMPARADOR	!	17	29	313	
COMPARADOR	!	17	30	314	

